[2021-09-14 08:38:40] laravel.EMERGENCY: Unable to create configured logger. Using emergency logger. {"exception":"[object] (InvalidArgumentException(code: 0): Log [default] is not defined. at /root/installer/vendor/illuminate/log/LogManager.php:192)
[stacktrace]
#0 /root/installer/vendor/illuminate/log/LogManager.php(118): Illuminate\\Log\\LogManager->resolve()
#1 /root/installer/vendor/illuminate/log/LogManager.php(98): Illuminate\\Log\\LogManager->get()
#2 /root/installer/vendor/illuminate/log/LogManager.php(555): Illuminate\\Log\\LogManager->driver()
#3 /root/installer/vendor/laravel-zero/foundation/src/Illuminate/Foundation/Exceptions/Handler.php(252): Illuminate\\Log\\LogManager->error()
#4 /root/installer/vendor/nunomaduro/collision/src/Adapters/Laravel/ExceptionHandler.php(46): Illuminate\\Foundation\\Exceptions\\Handler->report()
#5 /root/installer/vendor/laravel-zero/foundation/src/Illuminate/Foundation/Console/Kernel.php(366): NunoMaduro\\Collision\\Adapters\\Laravel\\ExceptionHandler->report()
#6 /root/installer/vendor/laravel-zero/foundation/src/Illuminate/Foundation/Console/Kernel.php(131): Illuminate\\Foundation\\Console\\Kernel->reportException()
#7 /root/installer/vendor/laravel-zero/framework/src/Kernel.php(91): Illuminate\\Foundation\\Console\\Kernel->handle()
#8 /root/installer/application(37): LaravelZero\\Framework\\Kernel->handle()
#9 {main}
"} 
[2021-09-14 08:38:40] laravel.ERROR: rename(/root/installer/application.phar,/root/installer/builds/application): No such file or directory {"exception":"[object] (ErrorException(code: 0): rename(/root/installer/application.phar,/root/installer/builds/application): No such file or directory at /root/installer/vendor/illuminate/filesystem/Filesystem.php:305)
[stacktrace]
#0 [internal function]: Illuminate\\Foundation\\Bootstrap\\HandleExceptions->handleError()
#1 /root/installer/vendor/illuminate/filesystem/Filesystem.php(305): rename()
#2 /root/installer/vendor/illuminate/support/Facades/Facade.php(261): Illuminate\\Filesystem\\Filesystem->move()
#3 /root/installer/vendor/laravel-zero/framework/src/Commands/BuildCommand.php(143): Illuminate\\Support\\Facades\\Facade::__callStatic()
#4 /root/installer/vendor/laravel-zero/framework/src/Commands/BuildCommand.php(93): LaravelZero\\Framework\\Commands\\BuildCommand->compile()
#5 /root/installer/vendor/laravel-zero/framework/src/Commands/BuildCommand.php(71): LaravelZero\\Framework\\Commands\\BuildCommand->build()
#6 /root/installer/vendor/illuminate/container/BoundMethod.php(36): LaravelZero\\Framework\\Commands\\BuildCommand->handle()
#7 /root/installer/vendor/illuminate/container/Util.php(40): Illuminate\\Container\\BoundMethod::Illuminate\\Container\\{closure}()
#8 /root/installer/vendor/illuminate/container/BoundMethod.php(93): Illuminate\\Container\\Util::unwrapIfClosure()
#9 /root/installer/vendor/illuminate/container/BoundMethod.php(37): Illuminate\\Container\\BoundMethod::callBoundMethod()
#10 /root/installer/vendor/illuminate/container/Container.php(651): Illuminate\\Container\\BoundMethod::call()
#11 /root/installer/vendor/illuminate/console/Command.php(136): Illuminate\\Container\\Container->call()
#12 /root/installer/vendor/symfony/console/Command/Command.php(299): Illuminate\\Console\\Command->execute()
#13 /root/installer/vendor/illuminate/console/Command.php(121): Symfony\\Component\\Console\\Command\\Command->run()
#14 /root/installer/vendor/laravel-zero/framework/src/Commands/BuildCommand.php(79): Illuminate\\Console\\Command->run()
#15 /root/installer/vendor/symfony/console/Application.php(978): LaravelZero\\Framework\\Commands\\BuildCommand->run()
#16 /root/installer/vendor/symfony/console/Application.php(295): Symfony\\Component\\Console\\Application->doRunCommand()
#17 /root/installer/vendor/symfony/console/Application.php(167): Symfony\\Component\\Console\\Application->doRun()
#18 /root/installer/vendor/illuminate/console/Application.php(92): Symfony\\Component\\Console\\Application->run()
#19 /root/installer/vendor/laravel-zero/foundation/src/Illuminate/Foundation/Console/Kernel.php(129): Illuminate\\Console\\Application->run()
#20 /root/installer/vendor/laravel-zero/framework/src/Kernel.php(91): Illuminate\\Foundation\\Console\\Kernel->handle()
#21 /root/installer/application(37): LaravelZero\\Framework\\Kernel->handle()
#22 {main}
"} 
[2021-09-14 08:38:48] laravel.EMERGENCY: Unable to create configured logger. Using emergency logger. {"exception":"[object] (InvalidArgumentException(code: 0): Log [default] is not defined. at /root/installer/vendor/illuminate/log/LogManager.php:192)
[stacktrace]
#0 /root/installer/vendor/illuminate/log/LogManager.php(118): Illuminate\\Log\\LogManager->resolve()
#1 /root/installer/vendor/illuminate/log/LogManager.php(98): Illuminate\\Log\\LogManager->get()
#2 /root/installer/vendor/illuminate/log/LogManager.php(555): Illuminate\\Log\\LogManager->driver()
#3 /root/installer/vendor/laravel-zero/foundation/src/Illuminate/Foundation/Exceptions/Handler.php(252): Illuminate\\Log\\LogManager->error()
#4 /root/installer/vendor/nunomaduro/collision/src/Adapters/Laravel/ExceptionHandler.php(46): Illuminate\\Foundation\\Exceptions\\Handler->report()
#5 /root/installer/vendor/laravel-zero/foundation/src/Illuminate/Foundation/Console/Kernel.php(366): NunoMaduro\\Collision\\Adapters\\Laravel\\ExceptionHandler->report()
#6 /root/installer/vendor/laravel-zero/foundation/src/Illuminate/Foundation/Console/Kernel.php(131): Illuminate\\Foundation\\Console\\Kernel->reportException()
#7 /root/installer/vendor/laravel-zero/framework/src/Kernel.php(91): Illuminate\\Foundation\\Console\\Kernel->handle()
#8 /root/installer/application(37): LaravelZero\\Framework\\Kernel->handle()
#9 {main}
"} 
[2021-09-14 08:38:48] laravel.ERROR: rename(/root/installer/application.phar,/root/installer/builds/application): No such file or directory {"exception":"[object] (ErrorException(code: 0): rename(/root/installer/application.phar,/root/installer/builds/application): No such file or directory at /root/installer/vendor/illuminate/filesystem/Filesystem.php:305)
[stacktrace]
#0 [internal function]: Illuminate\\Foundation\\Bootstrap\\HandleExceptions->handleError()
#1 /root/installer/vendor/illuminate/filesystem/Filesystem.php(305): rename()
#2 /root/installer/vendor/illuminate/support/Facades/Facade.php(261): Illuminate\\Filesystem\\Filesystem->move()
#3 /root/installer/vendor/laravel-zero/framework/src/Commands/BuildCommand.php(143): Illuminate\\Support\\Facades\\Facade::__callStatic()
#4 /root/installer/vendor/laravel-zero/framework/src/Commands/BuildCommand.php(93): LaravelZero\\Framework\\Commands\\BuildCommand->compile()
#5 /root/installer/vendor/laravel-zero/framework/src/Commands/BuildCommand.php(71): LaravelZero\\Framework\\Commands\\BuildCommand->build()
#6 /root/installer/vendor/illuminate/container/BoundMethod.php(36): LaravelZero\\Framework\\Commands\\BuildCommand->handle()
#7 /root/installer/vendor/illuminate/container/Util.php(40): Illuminate\\Container\\BoundMethod::Illuminate\\Container\\{closure}()
#8 /root/installer/vendor/illuminate/container/BoundMethod.php(93): Illuminate\\Container\\Util::unwrapIfClosure()
#9 /root/installer/vendor/illuminate/container/BoundMethod.php(37): Illuminate\\Container\\BoundMethod::callBoundMethod()
#10 /root/installer/vendor/illuminate/container/Container.php(651): Illuminate\\Container\\BoundMethod::call()
#11 /root/installer/vendor/illuminate/console/Command.php(136): Illuminate\\Container\\Container->call()
#12 /root/installer/vendor/symfony/console/Command/Command.php(299): Illuminate\\Console\\Command->execute()
#13 /root/installer/vendor/illuminate/console/Command.php(121): Symfony\\Component\\Console\\Command\\Command->run()
#14 /root/installer/vendor/laravel-zero/framework/src/Commands/BuildCommand.php(79): Illuminate\\Console\\Command->run()
#15 /root/installer/vendor/symfony/console/Application.php(978): LaravelZero\\Framework\\Commands\\BuildCommand->run()
#16 /root/installer/vendor/symfony/console/Application.php(295): Symfony\\Component\\Console\\Application->doRunCommand()
#17 /root/installer/vendor/symfony/console/Application.php(167): Symfony\\Component\\Console\\Application->doRun()
#18 /root/installer/vendor/illuminate/console/Application.php(92): Symfony\\Component\\Console\\Application->run()
#19 /root/installer/vendor/laravel-zero/foundation/src/Illuminate/Foundation/Console/Kernel.php(129): Illuminate\\Console\\Application->run()
#20 /root/installer/vendor/laravel-zero/framework/src/Kernel.php(91): Illuminate\\Foundation\\Console\\Kernel->handle()
#21 /root/installer/application(37): LaravelZero\\Framework\\Kernel->handle()
#22 {main}
"} 
[2021-09-14 08:39:34] laravel.EMERGENCY: Unable to create configured logger. Using emergency logger. {"exception":"[object] (InvalidArgumentException(code: 0): Log [default] is not defined. at /root/installer/vendor/illuminate/log/LogManager.php:192)
[stacktrace]
#0 /root/installer/vendor/illuminate/log/LogManager.php(118): Illuminate\\Log\\LogManager->resolve()
#1 /root/installer/vendor/illuminate/log/LogManager.php(98): Illuminate\\Log\\LogManager->get()
#2 /root/installer/vendor/illuminate/log/LogManager.php(555): Illuminate\\Log\\LogManager->driver()
#3 /root/installer/vendor/laravel-zero/foundation/src/Illuminate/Foundation/Exceptions/Handler.php(252): Illuminate\\Log\\LogManager->error()
#4 /root/installer/vendor/nunomaduro/collision/src/Adapters/Laravel/ExceptionHandler.php(46): Illuminate\\Foundation\\Exceptions\\Handler->report()
#5 /root/installer/vendor/laravel-zero/foundation/src/Illuminate/Foundation/Console/Kernel.php(366): NunoMaduro\\Collision\\Adapters\\Laravel\\ExceptionHandler->report()
#6 /root/installer/vendor/laravel-zero/foundation/src/Illuminate/Foundation/Console/Kernel.php(131): Illuminate\\Foundation\\Console\\Kernel->reportException()
#7 /root/installer/vendor/laravel-zero/framework/src/Kernel.php(91): Illuminate\\Foundation\\Console\\Kernel->handle()
#8 /root/installer/application(37): LaravelZero\\Framework\\Kernel->handle()
#9 {main}
"} 
[2021-09-14 08:39:34] laravel.ERROR: rename(/root/installer/application.phar,/root/installer/builds/application): No such file or directory {"exception":"[object] (ErrorException(code: 0): rename(/root/installer/application.phar,/root/installer/builds/application): No such file or directory at /root/installer/vendor/illuminate/filesystem/Filesystem.php:305)
[stacktrace]
#0 [internal function]: Illuminate\\Foundation\\Bootstrap\\HandleExceptions->handleError()
#1 /root/installer/vendor/illuminate/filesystem/Filesystem.php(305): rename()
#2 /root/installer/vendor/illuminate/support/Facades/Facade.php(261): Illuminate\\Filesystem\\Filesystem->move()
#3 /root/installer/vendor/laravel-zero/framework/src/Commands/BuildCommand.php(143): Illuminate\\Support\\Facades\\Facade::__callStatic()
#4 /root/installer/vendor/laravel-zero/framework/src/Commands/BuildCommand.php(93): LaravelZero\\Framework\\Commands\\BuildCommand->compile()
#5 /root/installer/vendor/laravel-zero/framework/src/Commands/BuildCommand.php(71): LaravelZero\\Framework\\Commands\\BuildCommand->build()
#6 /root/installer/vendor/illuminate/container/BoundMethod.php(36): LaravelZero\\Framework\\Commands\\BuildCommand->handle()
#7 /root/installer/vendor/illuminate/container/Util.php(40): Illuminate\\Container\\BoundMethod::Illuminate\\Container\\{closure}()
#8 /root/installer/vendor/illuminate/container/BoundMethod.php(93): Illuminate\\Container\\Util::unwrapIfClosure()
#9 /root/installer/vendor/illuminate/container/BoundMethod.php(37): Illuminate\\Container\\BoundMethod::callBoundMethod()
#10 /root/installer/vendor/illuminate/container/Container.php(651): Illuminate\\Container\\BoundMethod::call()
#11 /root/installer/vendor/illuminate/console/Command.php(136): Illuminate\\Container\\Container->call()
#12 /root/installer/vendor/symfony/console/Command/Command.php(299): Illuminate\\Console\\Command->execute()
#13 /root/installer/vendor/illuminate/console/Command.php(121): Symfony\\Component\\Console\\Command\\Command->run()
#14 /root/installer/vendor/laravel-zero/framework/src/Commands/BuildCommand.php(79): Illuminate\\Console\\Command->run()
#15 /root/installer/vendor/symfony/console/Application.php(978): LaravelZero\\Framework\\Commands\\BuildCommand->run()
#16 /root/installer/vendor/symfony/console/Application.php(295): Symfony\\Component\\Console\\Application->doRunCommand()
#17 /root/installer/vendor/symfony/console/Application.php(167): Symfony\\Component\\Console\\Application->doRun()
#18 /root/installer/vendor/illuminate/console/Application.php(92): Symfony\\Component\\Console\\Application->run()
#19 /root/installer/vendor/laravel-zero/foundation/src/Illuminate/Foundation/Console/Kernel.php(129): Illuminate\\Console\\Application->run()
#20 /root/installer/vendor/laravel-zero/framework/src/Kernel.php(91): Illuminate\\Foundation\\Console\\Kernel->handle()
#21 /root/installer/application(37): LaravelZero\\Framework\\Kernel->handle()
#22 {main}
"} 
[2021-09-14 08:40:28] laravel.EMERGENCY: Unable to create configured logger. Using emergency logger. {"exception":"[object] (InvalidArgumentException(code: 0): Log [default] is not defined. at /root/installer/vendor/illuminate/log/LogManager.php:192)
[stacktrace]
#0 /root/installer/vendor/illuminate/log/LogManager.php(118): Illuminate\\Log\\LogManager->resolve()
#1 /root/installer/vendor/illuminate/log/LogManager.php(98): Illuminate\\Log\\LogManager->get()
#2 /root/installer/vendor/illuminate/log/LogManager.php(555): Illuminate\\Log\\LogManager->driver()
#3 /root/installer/vendor/laravel-zero/foundation/src/Illuminate/Foundation/Exceptions/Handler.php(252): Illuminate\\Log\\LogManager->error()
#4 /root/installer/vendor/nunomaduro/collision/src/Adapters/Laravel/ExceptionHandler.php(46): Illuminate\\Foundation\\Exceptions\\Handler->report()
#5 /root/installer/vendor/laravel-zero/foundation/src/Illuminate/Foundation/Console/Kernel.php(366): NunoMaduro\\Collision\\Adapters\\Laravel\\ExceptionHandler->report()
#6 /root/installer/vendor/laravel-zero/foundation/src/Illuminate/Foundation/Console/Kernel.php(131): Illuminate\\Foundation\\Console\\Kernel->reportException()
#7 /root/installer/vendor/laravel-zero/framework/src/Kernel.php(91): Illuminate\\Foundation\\Console\\Kernel->handle()
#8 /root/installer/installer(37): LaravelZero\\Framework\\Kernel->handle()
#9 {main}
"} 
[2021-09-14 08:40:28] laravel.ERROR: rename(/root/installer/installer.phar,/root/installer/builds/installer): No such file or directory {"exception":"[object] (ErrorException(code: 0): rename(/root/installer/installer.phar,/root/installer/builds/installer): No such file or directory at /root/installer/vendor/illuminate/filesystem/Filesystem.php:305)
[stacktrace]
#0 [internal function]: Illuminate\\Foundation\\Bootstrap\\HandleExceptions->handleError()
#1 /root/installer/vendor/illuminate/filesystem/Filesystem.php(305): rename()
#2 /root/installer/vendor/illuminate/support/Facades/Facade.php(261): Illuminate\\Filesystem\\Filesystem->move()
#3 /root/installer/vendor/laravel-zero/framework/src/Commands/BuildCommand.php(143): Illuminate\\Support\\Facades\\Facade::__callStatic()
#4 /root/installer/vendor/laravel-zero/framework/src/Commands/BuildCommand.php(93): LaravelZero\\Framework\\Commands\\BuildCommand->compile()
#5 /root/installer/vendor/laravel-zero/framework/src/Commands/BuildCommand.php(71): LaravelZero\\Framework\\Commands\\BuildCommand->build()
#6 /root/installer/vendor/illuminate/container/BoundMethod.php(36): LaravelZero\\Framework\\Commands\\BuildCommand->handle()
#7 /root/installer/vendor/illuminate/container/Util.php(40): Illuminate\\Container\\BoundMethod::Illuminate\\Container\\{closure}()
#8 /root/installer/vendor/illuminate/container/BoundMethod.php(93): Illuminate\\Container\\Util::unwrapIfClosure()
#9 /root/installer/vendor/illuminate/container/BoundMethod.php(37): Illuminate\\Container\\BoundMethod::callBoundMethod()
#10 /root/installer/vendor/illuminate/container/Container.php(651): Illuminate\\Container\\BoundMethod::call()
#11 /root/installer/vendor/illuminate/console/Command.php(136): Illuminate\\Container\\Container->call()
#12 /root/installer/vendor/symfony/console/Command/Command.php(299): Illuminate\\Console\\Command->execute()
#13 /root/installer/vendor/illuminate/console/Command.php(121): Symfony\\Component\\Console\\Command\\Command->run()
#14 /root/installer/vendor/laravel-zero/framework/src/Commands/BuildCommand.php(79): Illuminate\\Console\\Command->run()
#15 /root/installer/vendor/symfony/console/Application.php(978): LaravelZero\\Framework\\Commands\\BuildCommand->run()
#16 /root/installer/vendor/symfony/console/Application.php(295): Symfony\\Component\\Console\\Application->doRunCommand()
#17 /root/installer/vendor/symfony/console/Application.php(167): Symfony\\Component\\Console\\Application->doRun()
#18 /root/installer/vendor/illuminate/console/Application.php(92): Symfony\\Component\\Console\\Application->run()
#19 /root/installer/vendor/laravel-zero/foundation/src/Illuminate/Foundation/Console/Kernel.php(129): Illuminate\\Console\\Application->run()
#20 /root/installer/vendor/laravel-zero/framework/src/Kernel.php(91): Illuminate\\Foundation\\Console\\Kernel->handle()
#21 /root/installer/installer(37): LaravelZero\\Framework\\Kernel->handle()
#22 {main}
"} 
[2021-09-14 08:43:22] laravel.EMERGENCY: Unable to create configured logger. Using emergency logger. {"exception":"[object] (InvalidArgumentException(code: 0): Log [default] is not defined. at /root/installer/vendor/illuminate/log/LogManager.php:192)
[stacktrace]
#0 /root/installer/vendor/illuminate/log/LogManager.php(118): Illuminate\\Log\\LogManager->resolve()
#1 /root/installer/vendor/illuminate/log/LogManager.php(98): Illuminate\\Log\\LogManager->get()
#2 /root/installer/vendor/illuminate/log/LogManager.php(555): Illuminate\\Log\\LogManager->driver()
#3 /root/installer/vendor/laravel-zero/foundation/src/Illuminate/Foundation/Exceptions/Handler.php(252): Illuminate\\Log\\LogManager->error()
#4 /root/installer/vendor/nunomaduro/collision/src/Adapters/Laravel/ExceptionHandler.php(46): Illuminate\\Foundation\\Exceptions\\Handler->report()
#5 /root/installer/vendor/laravel-zero/foundation/src/Illuminate/Foundation/Console/Kernel.php(366): NunoMaduro\\Collision\\Adapters\\Laravel\\ExceptionHandler->report()
#6 /root/installer/vendor/laravel-zero/foundation/src/Illuminate/Foundation/Console/Kernel.php(131): Illuminate\\Foundation\\Console\\Kernel->reportException()
#7 /root/installer/vendor/laravel-zero/framework/src/Kernel.php(91): Illuminate\\Foundation\\Console\\Kernel->handle()
#8 /root/installer/installer(37): LaravelZero\\Framework\\Kernel->handle()
#9 {main}
"} 
[2021-09-14 08:43:22] laravel.ERROR: rename(/root/installer/installer.phar,/root/installer/builds/installer): No such file or directory {"exception":"[object] (ErrorException(code: 0): rename(/root/installer/installer.phar,/root/installer/builds/installer): No such file or directory at /root/installer/vendor/illuminate/filesystem/Filesystem.php:305)
[stacktrace]
#0 [internal function]: Illuminate\\Foundation\\Bootstrap\\HandleExceptions->handleError()
#1 /root/installer/vendor/illuminate/filesystem/Filesystem.php(305): rename()
#2 /root/installer/vendor/illuminate/support/Facades/Facade.php(261): Illuminate\\Filesystem\\Filesystem->move()
#3 /root/installer/vendor/laravel-zero/framework/src/Commands/BuildCommand.php(143): Illuminate\\Support\\Facades\\Facade::__callStatic()
#4 /root/installer/vendor/laravel-zero/framework/src/Commands/BuildCommand.php(93): LaravelZero\\Framework\\Commands\\BuildCommand->compile()
#5 /root/installer/vendor/laravel-zero/framework/src/Commands/BuildCommand.php(71): LaravelZero\\Framework\\Commands\\BuildCommand->build()
#6 /root/installer/vendor/illuminate/container/BoundMethod.php(36): LaravelZero\\Framework\\Commands\\BuildCommand->handle()
#7 /root/installer/vendor/illuminate/container/Util.php(40): Illuminate\\Container\\BoundMethod::Illuminate\\Container\\{closure}()
#8 /root/installer/vendor/illuminate/container/BoundMethod.php(93): Illuminate\\Container\\Util::unwrapIfClosure()
#9 /root/installer/vendor/illuminate/container/BoundMethod.php(37): Illuminate\\Container\\BoundMethod::callBoundMethod()
#10 /root/installer/vendor/illuminate/container/Container.php(651): Illuminate\\Container\\BoundMethod::call()
#11 /root/installer/vendor/illuminate/console/Command.php(136): Illuminate\\Container\\Container->call()
#12 /root/installer/vendor/symfony/console/Command/Command.php(299): Illuminate\\Console\\Command->execute()
#13 /root/installer/vendor/illuminate/console/Command.php(121): Symfony\\Component\\Console\\Command\\Command->run()
#14 /root/installer/vendor/laravel-zero/framework/src/Commands/BuildCommand.php(79): Illuminate\\Console\\Command->run()
#15 /root/installer/vendor/symfony/console/Application.php(978): LaravelZero\\Framework\\Commands\\BuildCommand->run()
#16 /root/installer/vendor/symfony/console/Application.php(295): Symfony\\Component\\Console\\Application->doRunCommand()
#17 /root/installer/vendor/symfony/console/Application.php(167): Symfony\\Component\\Console\\Application->doRun()
#18 /root/installer/vendor/illuminate/console/Application.php(92): Symfony\\Component\\Console\\Application->run()
#19 /root/installer/vendor/laravel-zero/foundation/src/Illuminate/Foundation/Console/Kernel.php(129): Illuminate\\Console\\Application->run()
#20 /root/installer/vendor/laravel-zero/framework/src/Kernel.php(91): Illuminate\\Foundation\\Console\\Kernel->handle()
#21 /root/installer/installer(37): LaravelZero\\Framework\\Kernel->handle()
#22 {main}
"} 
[2021-09-14 08:44:20] laravel.EMERGENCY: Unable to create configured logger. Using emergency logger. {"exception":"[object] (InvalidArgumentException(code: 0): Log [default] is not defined. at /root/installer/vendor/illuminate/log/LogManager.php:192)
[stacktrace]
#0 /root/installer/vendor/illuminate/log/LogManager.php(118): Illuminate\\Log\\LogManager->resolve()
#1 /root/installer/vendor/illuminate/log/LogManager.php(98): Illuminate\\Log\\LogManager->get()
#2 /root/installer/vendor/illuminate/log/LogManager.php(555): Illuminate\\Log\\LogManager->driver()
#3 /root/installer/vendor/laravel-zero/foundation/src/Illuminate/Foundation/Exceptions/Handler.php(252): Illuminate\\Log\\LogManager->error()
#4 /root/installer/vendor/nunomaduro/collision/src/Adapters/Laravel/ExceptionHandler.php(46): Illuminate\\Foundation\\Exceptions\\Handler->report()
#5 /root/installer/vendor/laravel-zero/foundation/src/Illuminate/Foundation/Console/Kernel.php(366): NunoMaduro\\Collision\\Adapters\\Laravel\\ExceptionHandler->report()
#6 /root/installer/vendor/laravel-zero/foundation/src/Illuminate/Foundation/Console/Kernel.php(131): Illuminate\\Foundation\\Console\\Kernel->reportException()
#7 /root/installer/vendor/laravel-zero/framework/src/Kernel.php(91): Illuminate\\Foundation\\Console\\Kernel->handle()
#8 /root/installer/installer(37): LaravelZero\\Framework\\Kernel->handle()
#9 {main}
"} 
[2021-09-14 08:44:20] laravel.ERROR: rename(/root/installer/installer.phar,/root/installer/builds/installer): No such file or directory {"exception":"[object] (ErrorException(code: 0): rename(/root/installer/installer.phar,/root/installer/builds/installer): No such file or directory at /root/installer/vendor/illuminate/filesystem/Filesystem.php:305)
[stacktrace]
#0 [internal function]: Illuminate\\Foundation\\Bootstrap\\HandleExceptions->handleError()
#1 /root/installer/vendor/illuminate/filesystem/Filesystem.php(305): rename()
#2 /root/installer/vendor/illuminate/support/Facades/Facade.php(261): Illuminate\\Filesystem\\Filesystem->move()
#3 /root/installer/vendor/laravel-zero/framework/src/Commands/BuildCommand.php(143): Illuminate\\Support\\Facades\\Facade::__callStatic()
#4 /root/installer/vendor/laravel-zero/framework/src/Commands/BuildCommand.php(93): LaravelZero\\Framework\\Commands\\BuildCommand->compile()
#5 /root/installer/vendor/laravel-zero/framework/src/Commands/BuildCommand.php(71): LaravelZero\\Framework\\Commands\\BuildCommand->build()
#6 /root/installer/vendor/illuminate/container/BoundMethod.php(36): LaravelZero\\Framework\\Commands\\BuildCommand->handle()
#7 /root/installer/vendor/illuminate/container/Util.php(40): Illuminate\\Container\\BoundMethod::Illuminate\\Container\\{closure}()
#8 /root/installer/vendor/illuminate/container/BoundMethod.php(93): Illuminate\\Container\\Util::unwrapIfClosure()
#9 /root/installer/vendor/illuminate/container/BoundMethod.php(37): Illuminate\\Container\\BoundMethod::callBoundMethod()
#10 /root/installer/vendor/illuminate/container/Container.php(651): Illuminate\\Container\\BoundMethod::call()
#11 /root/installer/vendor/illuminate/console/Command.php(136): Illuminate\\Container\\Container->call()
#12 /root/installer/vendor/symfony/console/Command/Command.php(299): Illuminate\\Console\\Command->execute()
#13 /root/installer/vendor/illuminate/console/Command.php(121): Symfony\\Component\\Console\\Command\\Command->run()
#14 /root/installer/vendor/laravel-zero/framework/src/Commands/BuildCommand.php(79): Illuminate\\Console\\Command->run()
#15 /root/installer/vendor/symfony/console/Application.php(978): LaravelZero\\Framework\\Commands\\BuildCommand->run()
#16 /root/installer/vendor/symfony/console/Application.php(295): Symfony\\Component\\Console\\Application->doRunCommand()
#17 /root/installer/vendor/symfony/console/Application.php(167): Symfony\\Component\\Console\\Application->doRun()
#18 /root/installer/vendor/illuminate/console/Application.php(92): Symfony\\Component\\Console\\Application->run()
#19 /root/installer/vendor/laravel-zero/foundation/src/Illuminate/Foundation/Console/Kernel.php(129): Illuminate\\Console\\Application->run()
#20 /root/installer/vendor/laravel-zero/framework/src/Kernel.php(91): Illuminate\\Foundation\\Console\\Kernel->handle()
#21 /root/installer/installer(37): LaravelZero\\Framework\\Kernel->handle()
#22 {main}
"} 
[2021-09-14 08:46:41] laravel.EMERGENCY: Unable to create configured logger. Using emergency logger. {"exception":"[object] (InvalidArgumentException(code: 0): Log [default] is not defined. at /root/installer/vendor/illuminate/log/LogManager.php:192)
[stacktrace]
#0 /root/installer/vendor/illuminate/log/LogManager.php(118): Illuminate\\Log\\LogManager->resolve()
#1 /root/installer/vendor/illuminate/log/LogManager.php(98): Illuminate\\Log\\LogManager->get()
#2 /root/installer/vendor/illuminate/log/LogManager.php(555): Illuminate\\Log\\LogManager->driver()
#3 /root/installer/vendor/laravel-zero/foundation/src/Illuminate/Foundation/Exceptions/Handler.php(252): Illuminate\\Log\\LogManager->error()
#4 /root/installer/vendor/nunomaduro/collision/src/Adapters/Laravel/ExceptionHandler.php(46): Illuminate\\Foundation\\Exceptions\\Handler->report()
#5 /root/installer/vendor/laravel-zero/foundation/src/Illuminate/Foundation/Console/Kernel.php(366): NunoMaduro\\Collision\\Adapters\\Laravel\\ExceptionHandler->report()
#6 /root/installer/vendor/laravel-zero/foundation/src/Illuminate/Foundation/Console/Kernel.php(131): Illuminate\\Foundation\\Console\\Kernel->reportException()
#7 /root/installer/vendor/laravel-zero/framework/src/Kernel.php(91): Illuminate\\Foundation\\Console\\Kernel->handle()
#8 /root/installer/installer(37): LaravelZero\\Framework\\Kernel->handle()
#9 {main}
"} 
[2021-09-14 08:46:41] laravel.ERROR: rename(/root/installer/installer.phar,/root/installer/builds/installer): No such file or directory {"exception":"[object] (ErrorException(code: 0): rename(/root/installer/installer.phar,/root/installer/builds/installer): No such file or directory at /root/installer/vendor/illuminate/filesystem/Filesystem.php:305)
[stacktrace]
#0 [internal function]: Illuminate\\Foundation\\Bootstrap\\HandleExceptions->handleError()
#1 /root/installer/vendor/illuminate/filesystem/Filesystem.php(305): rename()
#2 /root/installer/vendor/illuminate/support/Facades/Facade.php(261): Illuminate\\Filesystem\\Filesystem->move()
#3 /root/installer/vendor/laravel-zero/framework/src/Commands/BuildCommand.php(143): Illuminate\\Support\\Facades\\Facade::__callStatic()
#4 /root/installer/vendor/laravel-zero/framework/src/Commands/BuildCommand.php(93): LaravelZero\\Framework\\Commands\\BuildCommand->compile()
#5 /root/installer/vendor/laravel-zero/framework/src/Commands/BuildCommand.php(71): LaravelZero\\Framework\\Commands\\BuildCommand->build()
#6 /root/installer/vendor/illuminate/container/BoundMethod.php(36): LaravelZero\\Framework\\Commands\\BuildCommand->handle()
#7 /root/installer/vendor/illuminate/container/Util.php(40): Illuminate\\Container\\BoundMethod::Illuminate\\Container\\{closure}()
#8 /root/installer/vendor/illuminate/container/BoundMethod.php(93): Illuminate\\Container\\Util::unwrapIfClosure()
#9 /root/installer/vendor/illuminate/container/BoundMethod.php(37): Illuminate\\Container\\BoundMethod::callBoundMethod()
#10 /root/installer/vendor/illuminate/container/Container.php(651): Illuminate\\Container\\BoundMethod::call()
#11 /root/installer/vendor/illuminate/console/Command.php(136): Illuminate\\Container\\Container->call()
#12 /root/installer/vendor/symfony/console/Command/Command.php(299): Illuminate\\Console\\Command->execute()
#13 /root/installer/vendor/illuminate/console/Command.php(121): Symfony\\Component\\Console\\Command\\Command->run()
#14 /root/installer/vendor/laravel-zero/framework/src/Commands/BuildCommand.php(79): Illuminate\\Console\\Command->run()
#15 /root/installer/vendor/symfony/console/Application.php(978): LaravelZero\\Framework\\Commands\\BuildCommand->run()
#16 /root/installer/vendor/symfony/console/Application.php(295): Symfony\\Component\\Console\\Application->doRunCommand()
#17 /root/installer/vendor/symfony/console/Application.php(167): Symfony\\Component\\Console\\Application->doRun()
#18 /root/installer/vendor/illuminate/console/Application.php(92): Symfony\\Component\\Console\\Application->run()
#19 /root/installer/vendor/laravel-zero/foundation/src/Illuminate/Foundation/Console/Kernel.php(129): Illuminate\\Console\\Application->run()
#20 /root/installer/vendor/laravel-zero/framework/src/Kernel.php(91): Illuminate\\Foundation\\Console\\Kernel->handle()
#21 /root/installer/installer(37): LaravelZero\\Framework\\Kernel->handle()
#22 {main}
"} 
[2021-09-14 08:47:58] laravel.EMERGENCY: Unable to create configured logger. Using emergency logger. {"exception":"[object] (InvalidArgumentException(code: 0): Log [default] is not defined. at /root/installer/vendor/illuminate/log/LogManager.php:192)
[stacktrace]
#0 /root/installer/vendor/illuminate/log/LogManager.php(118): Illuminate\\Log\\LogManager->resolve()
#1 /root/installer/vendor/illuminate/log/LogManager.php(98): Illuminate\\Log\\LogManager->get()
#2 /root/installer/vendor/illuminate/log/LogManager.php(555): Illuminate\\Log\\LogManager->driver()
#3 /root/installer/vendor/laravel-zero/foundation/src/Illuminate/Foundation/Exceptions/Handler.php(252): Illuminate\\Log\\LogManager->error()
#4 /root/installer/vendor/nunomaduro/collision/src/Adapters/Laravel/ExceptionHandler.php(46): Illuminate\\Foundation\\Exceptions\\Handler->report()
#5 /root/installer/vendor/laravel-zero/foundation/src/Illuminate/Foundation/Console/Kernel.php(366): NunoMaduro\\Collision\\Adapters\\Laravel\\ExceptionHandler->report()
#6 /root/installer/vendor/laravel-zero/foundation/src/Illuminate/Foundation/Console/Kernel.php(131): Illuminate\\Foundation\\Console\\Kernel->reportException()
#7 /root/installer/vendor/laravel-zero/framework/src/Kernel.php(91): Illuminate\\Foundation\\Console\\Kernel->handle()
#8 /root/installer/installer(37): LaravelZero\\Framework\\Kernel->handle()
#9 {main}
"} 
[2021-09-14 08:47:58] laravel.ERROR: rename(/root/installer/installer.phar,/root/installer/builds/installer): No such file or directory {"exception":"[object] (ErrorException(code: 0): rename(/root/installer/installer.phar,/root/installer/builds/installer): No such file or directory at /root/installer/vendor/illuminate/filesystem/Filesystem.php:305)
[stacktrace]
#0 [internal function]: Illuminate\\Foundation\\Bootstrap\\HandleExceptions->handleError()
#1 /root/installer/vendor/illuminate/filesystem/Filesystem.php(305): rename()
#2 /root/installer/vendor/illuminate/support/Facades/Facade.php(261): Illuminate\\Filesystem\\Filesystem->move()
#3 /root/installer/vendor/laravel-zero/framework/src/Commands/BuildCommand.php(143): Illuminate\\Support\\Facades\\Facade::__callStatic()
#4 /root/installer/vendor/laravel-zero/framework/src/Commands/BuildCommand.php(93): LaravelZero\\Framework\\Commands\\BuildCommand->compile()
#5 /root/installer/vendor/laravel-zero/framework/src/Commands/BuildCommand.php(71): LaravelZero\\Framework\\Commands\\BuildCommand->build()
#6 /root/installer/vendor/illuminate/container/BoundMethod.php(36): LaravelZero\\Framework\\Commands\\BuildCommand->handle()
#7 /root/installer/vendor/illuminate/container/Util.php(40): Illuminate\\Container\\BoundMethod::Illuminate\\Container\\{closure}()
#8 /root/installer/vendor/illuminate/container/BoundMethod.php(93): Illuminate\\Container\\Util::unwrapIfClosure()
#9 /root/installer/vendor/illuminate/container/BoundMethod.php(37): Illuminate\\Container\\BoundMethod::callBoundMethod()
#10 /root/installer/vendor/illuminate/container/Container.php(651): Illuminate\\Container\\BoundMethod::call()
#11 /root/installer/vendor/illuminate/console/Command.php(136): Illuminate\\Container\\Container->call()
#12 /root/installer/vendor/symfony/console/Command/Command.php(299): Illuminate\\Console\\Command->execute()
#13 /root/installer/vendor/illuminate/console/Command.php(121): Symfony\\Component\\Console\\Command\\Command->run()
#14 /root/installer/vendor/laravel-zero/framework/src/Commands/BuildCommand.php(79): Illuminate\\Console\\Command->run()
#15 /root/installer/vendor/symfony/console/Application.php(978): LaravelZero\\Framework\\Commands\\BuildCommand->run()
#16 /root/installer/vendor/symfony/console/Application.php(295): Symfony\\Component\\Console\\Application->doRunCommand()
#17 /root/installer/vendor/symfony/console/Application.php(167): Symfony\\Component\\Console\\Application->doRun()
#18 /root/installer/vendor/illuminate/console/Application.php(92): Symfony\\Component\\Console\\Application->run()
#19 /root/installer/vendor/laravel-zero/foundation/src/Illuminate/Foundation/Console/Kernel.php(129): Illuminate\\Console\\Application->run()
#20 /root/installer/vendor/laravel-zero/framework/src/Kernel.php(91): Illuminate\\Foundation\\Console\\Kernel->handle()
#21 /root/installer/installer(37): LaravelZero\\Framework\\Kernel->handle()
#22 {main}
"} 
[2021-09-14 08:57:10] laravel.EMERGENCY: Unable to create configured logger. Using emergency logger. {"exception":"[object] (InvalidArgumentException(code: 0): Log [default] is not defined. at /root/installer/vendor/illuminate/log/LogManager.php:192)
[stacktrace]
#0 /root/installer/vendor/illuminate/log/LogManager.php(118): Illuminate\\Log\\LogManager->resolve()
#1 /root/installer/vendor/illuminate/log/LogManager.php(98): Illuminate\\Log\\LogManager->get()
#2 /root/installer/vendor/illuminate/log/LogManager.php(555): Illuminate\\Log\\LogManager->driver()
#3 /root/installer/vendor/laravel-zero/foundation/src/Illuminate/Foundation/Exceptions/Handler.php(252): Illuminate\\Log\\LogManager->error()
#4 /root/installer/vendor/nunomaduro/collision/src/Adapters/Laravel/ExceptionHandler.php(46): Illuminate\\Foundation\\Exceptions\\Handler->report()
#5 /root/installer/vendor/laravel-zero/foundation/src/Illuminate/Foundation/Console/Kernel.php(366): NunoMaduro\\Collision\\Adapters\\Laravel\\ExceptionHandler->report()
#6 /root/installer/vendor/laravel-zero/foundation/src/Illuminate/Foundation/Console/Kernel.php(131): Illuminate\\Foundation\\Console\\Kernel->reportException()
#7 /root/installer/vendor/laravel-zero/framework/src/Kernel.php(91): Illuminate\\Foundation\\Console\\Kernel->handle()
#8 /root/installer/installer(37): LaravelZero\\Framework\\Kernel->handle()
#9 {main}
"} 
[2021-09-14 08:57:10] laravel.ERROR: rename(/root/installer/installer.phar,/root/installer/builds/installer): No such file or directory {"exception":"[object] (ErrorException(code: 0): rename(/root/installer/installer.phar,/root/installer/builds/installer): No such file or directory at /root/installer/vendor/illuminate/filesystem/Filesystem.php:305)
[stacktrace]
#0 [internal function]: Illuminate\\Foundation\\Bootstrap\\HandleExceptions->handleError()
#1 /root/installer/vendor/illuminate/filesystem/Filesystem.php(305): rename()
#2 /root/installer/vendor/illuminate/support/Facades/Facade.php(261): Illuminate\\Filesystem\\Filesystem->move()
#3 /root/installer/vendor/laravel-zero/framework/src/Commands/BuildCommand.php(143): Illuminate\\Support\\Facades\\Facade::__callStatic()
#4 /root/installer/vendor/laravel-zero/framework/src/Commands/BuildCommand.php(93): LaravelZero\\Framework\\Commands\\BuildCommand->compile()
#5 /root/installer/vendor/laravel-zero/framework/src/Commands/BuildCommand.php(71): LaravelZero\\Framework\\Commands\\BuildCommand->build()
#6 /root/installer/vendor/illuminate/container/BoundMethod.php(36): LaravelZero\\Framework\\Commands\\BuildCommand->handle()
#7 /root/installer/vendor/illuminate/container/Util.php(40): Illuminate\\Container\\BoundMethod::Illuminate\\Container\\{closure}()
#8 /root/installer/vendor/illuminate/container/BoundMethod.php(93): Illuminate\\Container\\Util::unwrapIfClosure()
#9 /root/installer/vendor/illuminate/container/BoundMethod.php(37): Illuminate\\Container\\BoundMethod::callBoundMethod()
#10 /root/installer/vendor/illuminate/container/Container.php(651): Illuminate\\Container\\BoundMethod::call()
#11 /root/installer/vendor/illuminate/console/Command.php(136): Illuminate\\Container\\Container->call()
#12 /root/installer/vendor/symfony/console/Command/Command.php(299): Illuminate\\Console\\Command->execute()
#13 /root/installer/vendor/illuminate/console/Command.php(121): Symfony\\Component\\Console\\Command\\Command->run()
#14 /root/installer/vendor/laravel-zero/framework/src/Commands/BuildCommand.php(79): Illuminate\\Console\\Command->run()
#15 /root/installer/vendor/symfony/console/Application.php(978): LaravelZero\\Framework\\Commands\\BuildCommand->run()
#16 /root/installer/vendor/symfony/console/Application.php(295): Symfony\\Component\\Console\\Application->doRunCommand()
#17 /root/installer/vendor/symfony/console/Application.php(167): Symfony\\Component\\Console\\Application->doRun()
#18 /root/installer/vendor/illuminate/console/Application.php(92): Symfony\\Component\\Console\\Application->run()
#19 /root/installer/vendor/laravel-zero/foundation/src/Illuminate/Foundation/Console/Kernel.php(129): Illuminate\\Console\\Application->run()
#20 /root/installer/vendor/laravel-zero/framework/src/Kernel.php(91): Illuminate\\Foundation\\Console\\Kernel->handle()
#21 /root/installer/installer(37): LaravelZero\\Framework\\Kernel->handle()
#22 {main}
"} 
[2021-09-14 09:00:46] laravel.EMERGENCY: Unable to create configured logger. Using emergency logger. {"exception":"[object] (InvalidArgumentException(code: 0): Log [default] is not defined. at /root/installer/vendor/illuminate/log/LogManager.php:192)
[stacktrace]
#0 /root/installer/vendor/illuminate/log/LogManager.php(118): Illuminate\\Log\\LogManager->resolve()
#1 /root/installer/vendor/illuminate/log/LogManager.php(98): Illuminate\\Log\\LogManager->get()
#2 /root/installer/vendor/illuminate/log/LogManager.php(555): Illuminate\\Log\\LogManager->driver()
#3 /root/installer/vendor/laravel-zero/foundation/src/Illuminate/Foundation/Exceptions/Handler.php(252): Illuminate\\Log\\LogManager->error()
#4 /root/installer/vendor/nunomaduro/collision/src/Adapters/Laravel/ExceptionHandler.php(46): Illuminate\\Foundation\\Exceptions\\Handler->report()
#5 /root/installer/vendor/laravel-zero/foundation/src/Illuminate/Foundation/Bootstrap/HandleExceptions.php(88): NunoMaduro\\Collision\\Adapters\\Laravel\\ExceptionHandler->report()
#6 [internal function]: Illuminate\\Foundation\\Bootstrap\\HandleExceptions->handleException()
#7 {main}
"} 
[2021-09-14 09:00:46] laravel.ERROR: Target class [ListStagesCommand] does not exist. {"exception":"[object] (Illuminate\\Contracts\\Container\\BindingResolutionException(code: 0): Target class [ListStagesCommand] does not exist. at /root/installer/vendor/illuminate/container/Container.php:875)
[stacktrace]
#0 /root/installer/vendor/illuminate/container/Container.php(754): Illuminate\\Container\\Container->build()
#1 /root/installer/vendor/laravel-zero/foundation/src/Illuminate/Foundation/Application.php(847): Illuminate\\Container\\Container->resolve()
#2 /root/installer/vendor/illuminate/container/Container.php(692): Illuminate\\Foundation\\Application->resolve()
#3 /root/installer/vendor/laravel-zero/foundation/src/Illuminate/Foundation/Application.php(832): Illuminate\\Container\\Container->make()
#4 /root/installer/vendor/illuminate/console/Application.php(260): Illuminate\\Foundation\\Application->make()
#5 /root/installer/vendor/illuminate/console/Application.php(274): Illuminate\\Console\\Application->resolve()
#6 /root/installer/vendor/laravel-zero/framework/src/Kernel.php(203): Illuminate\\Console\\Application->resolveCommands()
#7 /root/installer/vendor/illuminate/console/Application.php(151): LaravelZero\\Framework\\Kernel->LaravelZero\\Framework\\{closure}()
#8 /root/installer/vendor/illuminate/console/Application.php(74): Illuminate\\Console\\Application->bootstrap()
#9 /root/installer/vendor/laravel-zero/foundation/src/Illuminate/Foundation/Console/Kernel.php(330): Illuminate\\Console\\Application->__construct()
#10 /root/installer/vendor/laravel-zero/framework/src/Kernel.php(133): Illuminate\\Foundation\\Console\\Kernel->getArtisan()
#11 /root/installer/vendor/laravel-zero/framework/src/Kernel.php(102): LaravelZero\\Framework\\Kernel->bootstrap()
#12 /root/installer/vendor/laravel-zero/framework/src/Kernel.php(89): LaravelZero\\Framework\\Kernel->ensureDefaultCommand()
#13 /root/installer/installer(37): LaravelZero\\Framework\\Kernel->handle()
#14 {main}

[previous exception] [object] (ReflectionException(code: -1): Class \"ListStagesCommand\" does not exist at /root/installer/vendor/illuminate/container/Container.php:873)
[stacktrace]
#0 /root/installer/vendor/illuminate/container/Container.php(873): ReflectionClass->__construct()
#1 /root/installer/vendor/illuminate/container/Container.php(754): Illuminate\\Container\\Container->build()
#2 /root/installer/vendor/laravel-zero/foundation/src/Illuminate/Foundation/Application.php(847): Illuminate\\Container\\Container->resolve()
#3 /root/installer/vendor/illuminate/container/Container.php(692): Illuminate\\Foundation\\Application->resolve()
#4 /root/installer/vendor/laravel-zero/foundation/src/Illuminate/Foundation/Application.php(832): Illuminate\\Container\\Container->make()
#5 /root/installer/vendor/illuminate/console/Application.php(260): Illuminate\\Foundation\\Application->make()
#6 /root/installer/vendor/illuminate/console/Application.php(274): Illuminate\\Console\\Application->resolve()
#7 /root/installer/vendor/laravel-zero/framework/src/Kernel.php(203): Illuminate\\Console\\Application->resolveCommands()
#8 /root/installer/vendor/illuminate/console/Application.php(151): LaravelZero\\Framework\\Kernel->LaravelZero\\Framework\\{closure}()
#9 /root/installer/vendor/illuminate/console/Application.php(74): Illuminate\\Console\\Application->bootstrap()
#10 /root/installer/vendor/laravel-zero/foundation/src/Illuminate/Foundation/Console/Kernel.php(330): Illuminate\\Console\\Application->__construct()
#11 /root/installer/vendor/laravel-zero/framework/src/Kernel.php(133): Illuminate\\Foundation\\Console\\Kernel->getArtisan()
#12 /root/installer/vendor/laravel-zero/framework/src/Kernel.php(102): LaravelZero\\Framework\\Kernel->bootstrap()
#13 /root/installer/vendor/laravel-zero/framework/src/Kernel.php(89): LaravelZero\\Framework\\Kernel->ensureDefaultCommand()
#14 /root/installer/installer(37): LaravelZero\\Framework\\Kernel->handle()
#15 {main}
"} 
[2021-09-14 09:01:43] laravel.EMERGENCY: Unable to create configured logger. Using emergency logger. {"exception":"[object] (InvalidArgumentException(code: 0): Log [default] is not defined. at /root/installer/vendor/illuminate/log/LogManager.php:192)
[stacktrace]
#0 /root/installer/vendor/illuminate/log/LogManager.php(118): Illuminate\\Log\\LogManager->resolve()
#1 /root/installer/vendor/illuminate/log/LogManager.php(98): Illuminate\\Log\\LogManager->get()
#2 /root/installer/vendor/illuminate/log/LogManager.php(555): Illuminate\\Log\\LogManager->driver()
#3 /root/installer/vendor/laravel-zero/foundation/src/Illuminate/Foundation/Exceptions/Handler.php(252): Illuminate\\Log\\LogManager->error()
#4 /root/installer/vendor/nunomaduro/collision/src/Adapters/Laravel/ExceptionHandler.php(46): Illuminate\\Foundation\\Exceptions\\Handler->report()
#5 /root/installer/vendor/laravel-zero/foundation/src/Illuminate/Foundation/Bootstrap/HandleExceptions.php(88): NunoMaduro\\Collision\\Adapters\\Laravel\\ExceptionHandler->report()
#6 [internal function]: Illuminate\\Foundation\\Bootstrap\\HandleExceptions->handleException()
#7 {main}
"} 
[2021-09-14 09:01:43] laravel.ERROR: Target class [ListStagesCommand] does not exist. {"exception":"[object] (Illuminate\\Contracts\\Container\\BindingResolutionException(code: 0): Target class [ListStagesCommand] does not exist. at /root/installer/vendor/illuminate/container/Container.php:875)
[stacktrace]
#0 /root/installer/vendor/illuminate/container/Container.php(754): Illuminate\\Container\\Container->build()
#1 /root/installer/vendor/laravel-zero/foundation/src/Illuminate/Foundation/Application.php(847): Illuminate\\Container\\Container->resolve()
#2 /root/installer/vendor/illuminate/container/Container.php(692): Illuminate\\Foundation\\Application->resolve()
#3 /root/installer/vendor/laravel-zero/foundation/src/Illuminate/Foundation/Application.php(832): Illuminate\\Container\\Container->make()
#4 /root/installer/vendor/illuminate/console/Application.php(260): Illuminate\\Foundation\\Application->make()
#5 /root/installer/vendor/illuminate/console/Application.php(274): Illuminate\\Console\\Application->resolve()
#6 /root/installer/vendor/laravel-zero/framework/src/Kernel.php(203): Illuminate\\Console\\Application->resolveCommands()
#7 /root/installer/vendor/illuminate/console/Application.php(151): LaravelZero\\Framework\\Kernel->LaravelZero\\Framework\\{closure}()
#8 /root/installer/vendor/illuminate/console/Application.php(74): Illuminate\\Console\\Application->bootstrap()
#9 /root/installer/vendor/laravel-zero/foundation/src/Illuminate/Foundation/Console/Kernel.php(330): Illuminate\\Console\\Application->__construct()
#10 /root/installer/vendor/laravel-zero/framework/src/Kernel.php(133): Illuminate\\Foundation\\Console\\Kernel->getArtisan()
#11 /root/installer/vendor/laravel-zero/framework/src/Kernel.php(102): LaravelZero\\Framework\\Kernel->bootstrap()
#12 /root/installer/vendor/laravel-zero/framework/src/Kernel.php(89): LaravelZero\\Framework\\Kernel->ensureDefaultCommand()
#13 /root/installer/installer(37): LaravelZero\\Framework\\Kernel->handle()
#14 {main}

[previous exception] [object] (ReflectionException(code: -1): Class \"ListStagesCommand\" does not exist at /root/installer/vendor/illuminate/container/Container.php:873)
[stacktrace]
#0 /root/installer/vendor/illuminate/container/Container.php(873): ReflectionClass->__construct()
#1 /root/installer/vendor/illuminate/container/Container.php(754): Illuminate\\Container\\Container->build()
#2 /root/installer/vendor/laravel-zero/foundation/src/Illuminate/Foundation/Application.php(847): Illuminate\\Container\\Container->resolve()
#3 /root/installer/vendor/illuminate/container/Container.php(692): Illuminate\\Foundation\\Application->resolve()
#4 /root/installer/vendor/laravel-zero/foundation/src/Illuminate/Foundation/Application.php(832): Illuminate\\Container\\Container->make()
#5 /root/installer/vendor/illuminate/console/Application.php(260): Illuminate\\Foundation\\Application->make()
#6 /root/installer/vendor/illuminate/console/Application.php(274): Illuminate\\Console\\Application->resolve()
#7 /root/installer/vendor/laravel-zero/framework/src/Kernel.php(203): Illuminate\\Console\\Application->resolveCommands()
#8 /root/installer/vendor/illuminate/console/Application.php(151): LaravelZero\\Framework\\Kernel->LaravelZero\\Framework\\{closure}()
#9 /root/installer/vendor/illuminate/console/Application.php(74): Illuminate\\Console\\Application->bootstrap()
#10 /root/installer/vendor/laravel-zero/foundation/src/Illuminate/Foundation/Console/Kernel.php(330): Illuminate\\Console\\Application->__construct()
#11 /root/installer/vendor/laravel-zero/framework/src/Kernel.php(133): Illuminate\\Foundation\\Console\\Kernel->getArtisan()
#12 /root/installer/vendor/laravel-zero/framework/src/Kernel.php(102): LaravelZero\\Framework\\Kernel->bootstrap()
#13 /root/installer/vendor/laravel-zero/framework/src/Kernel.php(89): LaravelZero\\Framework\\Kernel->ensureDefaultCommand()
#14 /root/installer/installer(37): LaravelZero\\Framework\\Kernel->handle()
#15 {main}
"} 
[2021-09-14 09:01:53] laravel.EMERGENCY: Unable to create configured logger. Using emergency logger. {"exception":"[object] (InvalidArgumentException(code: 0): Log [default] is not defined. at /root/installer/vendor/illuminate/log/LogManager.php:192)
[stacktrace]
#0 /root/installer/vendor/illuminate/log/LogManager.php(118): Illuminate\\Log\\LogManager->resolve()
#1 /root/installer/vendor/illuminate/log/LogManager.php(98): Illuminate\\Log\\LogManager->get()
#2 /root/installer/vendor/illuminate/log/LogManager.php(555): Illuminate\\Log\\LogManager->driver()
#3 /root/installer/vendor/laravel-zero/foundation/src/Illuminate/Foundation/Exceptions/Handler.php(252): Illuminate\\Log\\LogManager->error()
#4 /root/installer/vendor/nunomaduro/collision/src/Adapters/Laravel/ExceptionHandler.php(46): Illuminate\\Foundation\\Exceptions\\Handler->report()
#5 /root/installer/vendor/laravel-zero/foundation/src/Illuminate/Foundation/Bootstrap/HandleExceptions.php(88): NunoMaduro\\Collision\\Adapters\\Laravel\\ExceptionHandler->report()
#6 [internal function]: Illuminate\\Foundation\\Bootstrap\\HandleExceptions->handleException()
#7 {main}
"} 
[2021-09-14 09:01:53] laravel.ERROR: Target class [ListStagesCommand] does not exist. {"exception":"[object] (Illuminate\\Contracts\\Container\\BindingResolutionException(code: 0): Target class [ListStagesCommand] does not exist. at /root/installer/vendor/illuminate/container/Container.php:875)
[stacktrace]
#0 /root/installer/vendor/illuminate/container/Container.php(754): Illuminate\\Container\\Container->build()
#1 /root/installer/vendor/laravel-zero/foundation/src/Illuminate/Foundation/Application.php(847): Illuminate\\Container\\Container->resolve()
#2 /root/installer/vendor/illuminate/container/Container.php(692): Illuminate\\Foundation\\Application->resolve()
#3 /root/installer/vendor/laravel-zero/foundation/src/Illuminate/Foundation/Application.php(832): Illuminate\\Container\\Container->make()
#4 /root/installer/vendor/illuminate/console/Application.php(260): Illuminate\\Foundation\\Application->make()
#5 /root/installer/vendor/illuminate/console/Application.php(274): Illuminate\\Console\\Application->resolve()
#6 /root/installer/vendor/laravel-zero/framework/src/Kernel.php(203): Illuminate\\Console\\Application->resolveCommands()
#7 /root/installer/vendor/illuminate/console/Application.php(151): LaravelZero\\Framework\\Kernel->LaravelZero\\Framework\\{closure}()
#8 /root/installer/vendor/illuminate/console/Application.php(74): Illuminate\\Console\\Application->bootstrap()
#9 /root/installer/vendor/laravel-zero/foundation/src/Illuminate/Foundation/Console/Kernel.php(330): Illuminate\\Console\\Application->__construct()
#10 /root/installer/vendor/laravel-zero/framework/src/Kernel.php(133): Illuminate\\Foundation\\Console\\Kernel->getArtisan()
#11 /root/installer/vendor/laravel-zero/framework/src/Kernel.php(102): LaravelZero\\Framework\\Kernel->bootstrap()
#12 /root/installer/vendor/laravel-zero/framework/src/Kernel.php(89): LaravelZero\\Framework\\Kernel->ensureDefaultCommand()
#13 /root/installer/installer(37): LaravelZero\\Framework\\Kernel->handle()
#14 {main}

[previous exception] [object] (ReflectionException(code: -1): Class \"ListStagesCommand\" does not exist at /root/installer/vendor/illuminate/container/Container.php:873)
[stacktrace]
#0 /root/installer/vendor/illuminate/container/Container.php(873): ReflectionClass->__construct()
#1 /root/installer/vendor/illuminate/container/Container.php(754): Illuminate\\Container\\Container->build()
#2 /root/installer/vendor/laravel-zero/foundation/src/Illuminate/Foundation/Application.php(847): Illuminate\\Container\\Container->resolve()
#3 /root/installer/vendor/illuminate/container/Container.php(692): Illuminate\\Foundation\\Application->resolve()
#4 /root/installer/vendor/laravel-zero/foundation/src/Illuminate/Foundation/Application.php(832): Illuminate\\Container\\Container->make()
#5 /root/installer/vendor/illuminate/console/Application.php(260): Illuminate\\Foundation\\Application->make()
#6 /root/installer/vendor/illuminate/console/Application.php(274): Illuminate\\Console\\Application->resolve()
#7 /root/installer/vendor/laravel-zero/framework/src/Kernel.php(203): Illuminate\\Console\\Application->resolveCommands()
#8 /root/installer/vendor/illuminate/console/Application.php(151): LaravelZero\\Framework\\Kernel->LaravelZero\\Framework\\{closure}()
#9 /root/installer/vendor/illuminate/console/Application.php(74): Illuminate\\Console\\Application->bootstrap()
#10 /root/installer/vendor/laravel-zero/foundation/src/Illuminate/Foundation/Console/Kernel.php(330): Illuminate\\Console\\Application->__construct()
#11 /root/installer/vendor/laravel-zero/framework/src/Kernel.php(133): Illuminate\\Foundation\\Console\\Kernel->getArtisan()
#12 /root/installer/vendor/laravel-zero/framework/src/Kernel.php(102): LaravelZero\\Framework\\Kernel->bootstrap()
#13 /root/installer/vendor/laravel-zero/framework/src/Kernel.php(89): LaravelZero\\Framework\\Kernel->ensureDefaultCommand()
#14 /root/installer/installer(37): LaravelZero\\Framework\\Kernel->handle()
#15 {main}
"} 
[2021-09-14 09:02:04] laravel.EMERGENCY: Unable to create configured logger. Using emergency logger. {"exception":"[object] (InvalidArgumentException(code: 0): Log [default] is not defined. at /root/installer/vendor/illuminate/log/LogManager.php:192)
[stacktrace]
#0 /root/installer/vendor/illuminate/log/LogManager.php(118): Illuminate\\Log\\LogManager->resolve()
#1 /root/installer/vendor/illuminate/log/LogManager.php(98): Illuminate\\Log\\LogManager->get()
#2 /root/installer/vendor/illuminate/log/LogManager.php(555): Illuminate\\Log\\LogManager->driver()
#3 /root/installer/vendor/laravel-zero/foundation/src/Illuminate/Foundation/Exceptions/Handler.php(252): Illuminate\\Log\\LogManager->error()
#4 /root/installer/vendor/nunomaduro/collision/src/Adapters/Laravel/ExceptionHandler.php(46): Illuminate\\Foundation\\Exceptions\\Handler->report()
#5 /root/installer/vendor/laravel-zero/foundation/src/Illuminate/Foundation/Bootstrap/HandleExceptions.php(88): NunoMaduro\\Collision\\Adapters\\Laravel\\ExceptionHandler->report()
#6 [internal function]: Illuminate\\Foundation\\Bootstrap\\HandleExceptions->handleException()
#7 {main}
"} 
[2021-09-14 09:02:04] laravel.ERROR: Target class [ListStagesCommand] does not exist. {"exception":"[object] (Illuminate\\Contracts\\Container\\BindingResolutionException(code: 0): Target class [ListStagesCommand] does not exist. at /root/installer/vendor/illuminate/container/Container.php:875)
[stacktrace]
#0 /root/installer/vendor/illuminate/container/Container.php(754): Illuminate\\Container\\Container->build()
#1 /root/installer/vendor/laravel-zero/foundation/src/Illuminate/Foundation/Application.php(847): Illuminate\\Container\\Container->resolve()
#2 /root/installer/vendor/illuminate/container/Container.php(692): Illuminate\\Foundation\\Application->resolve()
#3 /root/installer/vendor/laravel-zero/foundation/src/Illuminate/Foundation/Application.php(832): Illuminate\\Container\\Container->make()
#4 /root/installer/vendor/illuminate/console/Application.php(260): Illuminate\\Foundation\\Application->make()
#5 /root/installer/vendor/illuminate/console/Application.php(274): Illuminate\\Console\\Application->resolve()
#6 /root/installer/vendor/laravel-zero/framework/src/Kernel.php(203): Illuminate\\Console\\Application->resolveCommands()
#7 /root/installer/vendor/illuminate/console/Application.php(151): LaravelZero\\Framework\\Kernel->LaravelZero\\Framework\\{closure}()
#8 /root/installer/vendor/illuminate/console/Application.php(74): Illuminate\\Console\\Application->bootstrap()
#9 /root/installer/vendor/laravel-zero/foundation/src/Illuminate/Foundation/Console/Kernel.php(330): Illuminate\\Console\\Application->__construct()
#10 /root/installer/vendor/laravel-zero/framework/src/Kernel.php(133): Illuminate\\Foundation\\Console\\Kernel->getArtisan()
#11 /root/installer/vendor/laravel-zero/framework/src/Kernel.php(102): LaravelZero\\Framework\\Kernel->bootstrap()
#12 /root/installer/vendor/laravel-zero/framework/src/Kernel.php(89): LaravelZero\\Framework\\Kernel->ensureDefaultCommand()
#13 /root/installer/installer(37): LaravelZero\\Framework\\Kernel->handle()
#14 {main}

[previous exception] [object] (ReflectionException(code: -1): Class \"ListStagesCommand\" does not exist at /root/installer/vendor/illuminate/container/Container.php:873)
[stacktrace]
#0 /root/installer/vendor/illuminate/container/Container.php(873): ReflectionClass->__construct()
#1 /root/installer/vendor/illuminate/container/Container.php(754): Illuminate\\Container\\Container->build()
#2 /root/installer/vendor/laravel-zero/foundation/src/Illuminate/Foundation/Application.php(847): Illuminate\\Container\\Container->resolve()
#3 /root/installer/vendor/illuminate/container/Container.php(692): Illuminate\\Foundation\\Application->resolve()
#4 /root/installer/vendor/laravel-zero/foundation/src/Illuminate/Foundation/Application.php(832): Illuminate\\Container\\Container->make()
#5 /root/installer/vendor/illuminate/console/Application.php(260): Illuminate\\Foundation\\Application->make()
#6 /root/installer/vendor/illuminate/console/Application.php(274): Illuminate\\Console\\Application->resolve()
#7 /root/installer/vendor/laravel-zero/framework/src/Kernel.php(203): Illuminate\\Console\\Application->resolveCommands()
#8 /root/installer/vendor/illuminate/console/Application.php(151): LaravelZero\\Framework\\Kernel->LaravelZero\\Framework\\{closure}()
#9 /root/installer/vendor/illuminate/console/Application.php(74): Illuminate\\Console\\Application->bootstrap()
#10 /root/installer/vendor/laravel-zero/foundation/src/Illuminate/Foundation/Console/Kernel.php(330): Illuminate\\Console\\Application->__construct()
#11 /root/installer/vendor/laravel-zero/framework/src/Kernel.php(133): Illuminate\\Foundation\\Console\\Kernel->getArtisan()
#12 /root/installer/vendor/laravel-zero/framework/src/Kernel.php(102): LaravelZero\\Framework\\Kernel->bootstrap()
#13 /root/installer/vendor/laravel-zero/framework/src/Kernel.php(89): LaravelZero\\Framework\\Kernel->ensureDefaultCommand()
#14 /root/installer/installer(37): LaravelZero\\Framework\\Kernel->handle()
#15 {main}
"} 
